26.11.2023 12:23:44  LOG INFO: Started
26.11.2023 12:26:33 SOCK ERRO: getaddinfo('news.eut2.online.scssoft.com','80') ver 0 type 1 proto 6 failed 0x00002af9
26.11.2023 12:26:33 HTTP ERRO: Unable to connect to 'http://news.eut2.online.scssoft.com/eut2/news/1.48.5.72s/en_us?i=78DA4D8E3F0F823014C4BFCA1B61B0BE5768299B062330688CC13F9B0374686268020689791F5E9A3878B7DCFD96BBD9E8874E610D37D777FE3D0221CC0B88263B8CCEF74B1728A4D49262AEFB977D46E7180A3FD8A839C4E0D48A3041ACA0385D600352282CAB0FCB34D788C859AE0D1FAFF5AEDE4269F77E682D94CD1D482B84C671926BC949982025486686BB99882997C8840619854982FEC2CFEC26DB7A0E5A0E0740FC05BD413A31'
26.11.2023 12:26:33 LINK ERRO: Unable to connect.
26.11.2023 12:26:45 SOCK ERRO: getaddinfo('lscreens.eut2.online.scssoft.com','80') ver 0 type 1 proto 6 failed 0x00002af9
26.11.2023 12:26:45 HTTP ERRO: Unable to connect to 'http://lscreens.eut2.online.scssoft.com/eut2/lscr/data'
26.11.2023 12:26:45 LINK ERRO: Unable to connect.
26.11.2023 12:26:57 SOCK ERRO: getaddinfo('mrk-lscreens.eut2.online.scssoft.com','80') ver 0 type 1 proto 6 failed 0x00002af9
26.11.2023 12:26:57 HTTP ERRO: Unable to connect to 'http://mrk-lscreens.eut2.online.scssoft.com/eut2/mrk_lscr/data'
26.11.2023 12:26:57 LINK ERRO: Unable to connect.
26.11.2023 12:27:09 SOCK ERRO: getaddinfo('billboards.eut2.online.scssoft.com','80') ver 0 type 1 proto 6 failed 0x00002af9
26.11.2023 12:27:09 HTTP ERRO: Unable to connect to 'http://billboards.eut2.online.scssoft.com/eut2/billboards/v1'
26.11.2023 12:27:09 LINK ERRO: Unable to connect.
26.11.2023 12:55:57  LOG INFO: Stopped
26.11.2023 12:57:59  LOG INFO: Started
26.11.2023 12:58:01 SOCK ERRO: getaddinfo('lscreens.eut2.online.scssoft.com','80') ver 0 type 1 proto 6 failed 0x00002af9
26.11.2023 12:58:01 HTTP ERRO: Unable to connect to 'http://lscreens.eut2.online.scssoft.com/eut2/lscr/data'
26.11.2023 12:58:01 LINK ERRO: Unable to connect.
26.11.2023 12:58:01 SOCK ERRO: getaddinfo('mrk-lscreens.eut2.online.scssoft.com','80') ver 0 type 1 proto 6 failed 0x00002af9
26.11.2023 12:58:01 HTTP ERRO: Unable to connect to 'http://mrk-lscreens.eut2.online.scssoft.com/eut2/mrk_lscr/data'
26.11.2023 12:58:01 LINK ERRO: Unable to connect.
26.11.2023 12:58:20 SOCK ERRO: getaddinfo('patch-notes.eut2.online.scssoft.com','80') ver 0 type 1 proto 6 failed 0x00002af9
26.11.2023 12:58:20 HTTP ERRO: Unable to connect to 'http://patch-notes.eut2.online.scssoft.com/eut2/patch_notes/v1/en_gb'
26.11.2023 12:58:20 LINK ERRO: Unable to connect.
26.11.2023 12:58:20 SOCK ERRO: getaddinfo('news.eut2.online.scssoft.com','80') ver 0 type 1 proto 6 failed 0x00002af9
26.11.2023 12:58:20 HTTP ERRO: Unable to connect to 'http://news.eut2.online.scssoft.com/eut2/news/1.48.5.72s/en_us'
26.11.2023 12:58:20 LINK ERRO: Unable to connect.
26.11.2023 12:58:21 SOCK ERRO: getaddinfo('news.eut2.online.scssoft.com','80') ver 0 type 1 proto 6 failed 0x00002af9
26.11.2023 12:58:21 HTTP ERRO: Unable to connect to 'http://news.eut2.online.scssoft.com/eut2/news/1.48.5.72s/en_us?i=78DA4D8E3F0F823014C4BFCA1B61B0BE5768299B062330688CC13F9B0374686268020689791F5E9A3878B7DCFD96BBD9E8874E610D37D777FE3D0221CC0B88263B8CCEF74B1728A4D49262AEFB977D46E7180A3FD8A839C4E0D48A3041ACA0385D600352282CAB0FCB34D788C859AE0D1FAFF5AEDE4269F77E682D94CD1D482B84C671926BC949982025486686BB99882997C8840619854982FEC2CFEC26DB7A0E5A0E0740FC05BD413A31'
26.11.2023 12:58:21 LINK ERRO: Unable to connect.
26.11.2023 12:58:32  LOG INFO: Stopped
26.11.2023 13:11:02  LOG INFO: Started
26.11.2023 13:13:18  LOG INFO: Stopped
26.11.2023 13:16:51  LOG INFO: Started
26.11.2023 13:16:53 SOCK ERRO: getaddinfo('lscreens.eut2.online.scssoft.com','80') ver 0 type 1 proto 6 failed 0x00002af9
26.11.2023 13:16:53 HTTP ERRO: Unable to connect to 'http://lscreens.eut2.online.scssoft.com/eut2/lscr/data'
26.11.2023 13:16:53 LINK ERRO: Unable to connect.
26.11.2023 13:16:53 SOCK ERRO: getaddinfo('mrk-lscreens.eut2.online.scssoft.com','80') ver 0 type 1 proto 6 failed 0x00002af9
26.11.2023 13:16:53 HTTP ERRO: Unable to connect to 'http://mrk-lscreens.eut2.online.scssoft.com/eut2/mrk_lscr/data'
26.11.2023 13:16:53 LINK ERRO: Unable to connect.
26.11.2023 13:17:23 SOCK ERRO: getaddinfo('patch-notes.eut2.online.scssoft.com','80') ver 0 type 1 proto 6 failed 0x00002af9
26.11.2023 13:17:23 HTTP ERRO: Unable to connect to 'http://patch-notes.eut2.online.scssoft.com/eut2/patch_notes/v1/en_gb'
26.11.2023 13:17:23 LINK ERRO: Unable to connect.
26.11.2023 13:18:22 SOCK ERRO: getaddinfo('patch-notes.eut2.online.scssoft.com','80') ver 0 type 1 proto 6 failed 0x00002af9
26.11.2023 13:18:22 HTTP ERRO: Unable to connect to 'http://patch-notes.eut2.online.scssoft.com/eut2/patch_notes/v1/en_gb'
26.11.2023 13:18:22 LINK ERRO: Unable to connect.
26.11.2023 13:18:52 SOCK ERRO: getaddinfo('patch-notes.eut2.online.scssoft.com','80') ver 0 type 1 proto 6 failed 0x00002af9
26.11.2023 13:18:52 HTTP ERRO: Unable to connect to 'http://patch-notes.eut2.online.scssoft.com/eut2/patch_notes/v1/en_gb'
26.11.2023 13:18:52 LINK ERRO: Unable to connect.
26.11.2023 13:19:41 SOCK ERRO: getaddinfo('patch-notes.eut2.online.scssoft.com','80') ver 0 type 1 proto 6 failed 0x00002af9
26.11.2023 13:19:42  LOG INFO: Stopped
26.11.2023 13:20:21  LOG INFO: Started
26.11.2023 13:20:23 SOCK ERRO: getaddinfo('lscreens.eut2.online.scssoft.com','80') ver 0 type 1 proto 6 failed 0x00002af9
26.11.2023 13:20:23 HTTP ERRO: Unable to connect to 'http://lscreens.eut2.online.scssoft.com/eut2/lscr/data'
26.11.2023 13:20:23 LINK ERRO: Unable to connect.
26.11.2023 13:20:23 SOCK ERRO: getaddinfo('mrk-lscreens.eut2.online.scssoft.com','80') ver 0 type 1 proto 6 failed 0x00002af9
26.11.2023 13:20:23 HTTP ERRO: Unable to connect to 'http://mrk-lscreens.eut2.online.scssoft.com/eut2/mrk_lscr/data'
26.11.2023 13:20:23 LINK ERRO: Unable to connect.
26.11.2023 13:20:41 SOCK ERRO: getaddinfo('patch-notes.eut2.online.scssoft.com','80') ver 0 type 1 proto 6 failed 0x00002af9
26.11.2023 13:20:41 HTTP ERRO: Unable to connect to 'http://patch-notes.eut2.online.scssoft.com/eut2/patch_notes/v1/en_gb'
26.11.2023 13:20:41 LINK ERRO: Unable to connect.
26.11.2023 13:21:03 SOCK ERRO: getaddinfo('patch-notes.eut2.online.scssoft.com','80') ver 0 type 1 proto 6 failed 0x00002af9
26.11.2023 13:21:15  LOG INFO: Stopped
28.01.2024 09:44:00  LOG INFO: Started
28.01.2024 09:48:47  LOG INFO: Stopped
03.02.2024 13:58:08  LOG INFO: Started
03.02.2024 14:56:10  LOG INFO: Stopped
12.02.2024 16:17:52  LOG INFO: Started
12.02.2024 16:38:16  LOG INFO: Stopped
